[03/03/2026 04:31:54] [ERROR] appendRow FAILED for sheet 'Products': Requested entity was not found.
[03/03/2026 04:31:55] [ERROR] appendRow FAILED for sheet 'Bills': Requested entity was not found.
[03/03/2026 04:31:57] [ERROR] appendRow FAILED for sheet 'Products': Requested entity was not found.
[03/03/2026 04:31:58] [ERROR] appendRow FAILED for sheet 'Products': Requested entity was not found.
[03/03/2026 04:31:59] [ERROR] appendRow FAILED for sheet 'Stock_Log': Requested entity was not found.
[03/03/2026 04:33:14] [ERROR] appendRow FAILED for sheet 'Products': Requested entity was not found.
[03/03/2026 04:35:19] [ERROR] appendRow FAILED for sheet 'Products': Requested entity was not found.
[03/03/2026 04:35:20] [ERROR] appendRow FAILED for sheet 'Stock_Log': Requested entity was not found.
[03/03/2026 04:35:22] [ERROR] appendRow FAILED for sheet 'Products': Requested entity was not found.
[03/03/2026 04:35:23] [ERROR] appendRow FAILED for sheet 'Stock_Log': Requested entity was not found.
[03/03/2026 04:35:25] [ERROR] appendRow FAILED for sheet 'Products': Requested entity was not found.
[03/03/2026 04:35:26] [ERROR] appendRow FAILED for sheet 'Stock_Log': Requested entity was not found.
[03/03/2026 04:35:28] [ERROR] appendRow FAILED for sheet 'Products': Requested entity was not found.
[03/03/2026 04:35:32] [ERROR] appendRow FAILED for sheet 'Products': Requested entity was not found.
[03/03/2026 04:36:51] [ERROR] appendRow FAILED for sheet 'Products': Requested entity was not found.
[03/03/2026 08:21:06] [ERROR] appendRow FAILED for sheet 'Products': Requested entity was not found.
[03/03/2026 08:27:24] [ERROR] appendRow FAILED for sheet 'Products': Requested entity was not found.
[03/03/2026 08:27:26] [ERROR] appendRow FAILED for sheet 'Products': Requested entity was not found.
[03/03/2026 08:27:35] [ERROR] appendRow FAILED for sheet 'Products': Requested entity was not found.
[03/03/2026 08:28:09] [ERROR] appendRow FAILED for sheet 'Products': Requested entity was not found.
[03/03/2026 08:28:36] [ERROR] appendRow FAILED for sheet 'Products': Requested entity was not found.
[03/03/2026 09:09:30] [ERROR] appendRow FAILED for sheet 'Products': Requested entity was not found.
[03/03/2026 09:10:20] [ERROR] appendRow FAILED for sheet 'Products': Requested entity was not found.
[03/03/2026 09:10:20] [DEBUG] storeLabel received name=sugar barcode=2880557184334
[03/03/2026 09:10:21] [ERROR] appendRow FAILED for sheet 'Products': Requested entity was not found.
[03/03/2026 09:10:22] [ERROR] appendRow FAILED for sheet 'Products': Requested entity was not found.
[03/03/2026 09:10:59] [ERROR] appendRow FAILED for sheet 'Products': Requested entity was not found.
[03/03/2026 09:11:04] [ERROR] appendRow FAILED for sheet 'Products': Requested entity was not found.
[03/03/2026 09:17:29] [ERROR] appendRow FAILED for sheet 'Products': Requested entity was not found.
[03/03/2026 09:17:47] [ERROR] appendRow FAILED for sheet 'Products': Requested entity was not found.
[03/03/2026 09:17:47] [DEBUG] storeLabel received name=salt barcode=8982895140899
[03/03/2026 09:17:48] [ERROR] appendRow FAILED for sheet 'Products': Requested entity was not found.
[03/03/2026 09:17:49] [ERROR] appendRow FAILED for sheet 'Products': Requested entity was not found.
[03/03/2026 09:32:03] [ERROR] appendRow FAILED for sheet 'Products': Requested entity was not found.
[03/03/2026 09:32:26] [ERROR] appendRow FAILED for sheet 'Products': Requested entity was not found.
[03/03/2026 09:32:26] [DEBUG] storeLabel received name=Sugar barcode=8364242565713
[03/03/2026 09:32:27] [ERROR] appendRow FAILED for sheet 'Products': Requested entity was not found.
[03/03/2026 09:32:29] [ERROR] appendRow FAILED for sheet 'Products': Requested entity was not found.
[03/03/2026 11:31:38] [ERROR] appendRow FAILED for sheet 'Products': Requested entity was not found.
[03/03/2026 11:31:39] [ERROR] appendRow FAILED for sheet 'Bills': Requested entity was not found.
[03/03/2026 11:31:40] [ERROR] appendRow FAILED for sheet 'Products': Requested entity was not found.
[03/03/2026 11:31:42] [ERROR] appendRow FAILED for sheet 'Products': Requested entity was not found.
[03/03/2026 11:31:43] [ERROR] appendRow FAILED for sheet 'Stock_Log': Requested entity was not found.
[03/03/2026 11:33:48] [ERROR] appendRow FAILED for sheet 'Products': Requested entity was not found.
[03/03/2026 11:34:08] [ERROR] appendRow FAILED for sheet 'Products': Requested entity was not found.
[03/03/2026 11:34:09] [ERROR] appendRow FAILED for sheet 'Products': Requested entity was not found.
[03/03/2026 11:34:09] [ERROR] appendRow FAILED for sheet 'Stock_Log': Requested entity was not found.
[03/03/2026 11:34:11] [ERROR] appendRow FAILED for sheet 'Products': Requested entity was not found.
[03/03/2026 11:34:14] [ERROR] appendRow FAILED for sheet 'Products': Requested entity was not found.
[03/03/2026 11:34:28] [ERROR] appendRow FAILED for sheet 'Products': Requested entity was not found.
[03/03/2026 11:34:30] [ERROR] appendRow FAILED for sheet 'Bills': Requested entity was not found.
[03/03/2026 11:34:31] [ERROR] appendRow FAILED for sheet 'Products': Requested entity was not found.
[03/03/2026 11:34:32] [ERROR] appendRow FAILED for sheet 'Products': Requested entity was not found.
[03/03/2026 11:34:34] [ERROR] appendRow FAILED for sheet 'Stock_Log': Requested entity was not found.
[03/03/2026 11:34:42] [ERROR] appendRow FAILED for sheet 'Products': Requested entity was not found.
[03/03/2026 11:34:43] [ERROR] appendRow FAILED for sheet 'Bills': Requested entity was not found.
[03/03/2026 11:34:44] [ERROR] appendRow FAILED for sheet 'Products': Requested entity was not found.
[03/03/2026 11:34:46] [ERROR] appendRow FAILED for sheet 'Products': Requested entity was not found.
[03/03/2026 11:34:47] [ERROR] appendRow FAILED for sheet 'Stock_Log': Requested entity was not found.
[03/03/2026 11:34:56] [ERROR] appendRow FAILED for sheet 'Products': Requested entity was not found.
[03/03/2026 11:35:21] [ERROR] appendRow FAILED for sheet 'Products': Requested entity was not found.
[03/03/2026 11:35:21] [DEBUG] storeLabel received name=sugar barcode=2419064873648
[03/03/2026 11:35:22] [ERROR] appendRow FAILED for sheet 'Products': Requested entity was not found.
[03/03/2026 11:35:24] [ERROR] appendRow FAILED for sheet 'Products': Requested entity was not found.
[03/03/2026 11:45:44] [ERROR] appendRow FAILED for sheet 'Products': Requested entity was not found.
[03/03/2026 11:45:46] [ERROR] appendRow FAILED for sheet 'Bills': Requested entity was not found.
[03/03/2026 11:45:47] [ERROR] appendRow FAILED for sheet 'Products': Requested entity was not found.
[03/03/2026 11:45:48] [ERROR] appendRow FAILED for sheet 'Products': Requested entity was not found.
[03/03/2026 11:45:49] [ERROR] appendRow FAILED for sheet 'Stock_Log': Requested entity was not found.
[03/03/2026 11:47:23] [ERROR] appendRow FAILED for sheet 'Products': Requested entity was not found.
[03/03/2026 11:47:24] [ERROR] appendRow FAILED for sheet 'Bills': Requested entity was not found.
[03/03/2026 11:47:26] [ERROR] appendRow FAILED for sheet 'Products': Requested entity was not found.
[03/03/2026 11:47:27] [ERROR] appendRow FAILED for sheet 'Products': Requested entity was not found.
[03/03/2026 11:47:28] [ERROR] appendRow FAILED for sheet 'Stock_Log': Requested entity was not found.
[03/03/2026 11:52:16] [ERROR] appendRow FAILED for sheet 'Products': Requested entity was not found.
[03/03/2026 11:52:18] [ERROR] appendRow FAILED for sheet 'Products': Requested entity was not found.
[03/03/2026 12:01:01] [DEBUG] storeLabel received name=Sugar barcode=2632866832419
